32 2 128 4 64 2 8 64 64 4 8 64 32 64 8 32 2 16 2 8 16 32 2 32 4 16 4 2 32 64 8 16 32 8 2 16 4 16 4 64 16 16 8 64 4 8 32 8 64 8 64 8 8 0 0 0 0 0 0 0 0 0
2 16 4 2 32 16 8 4 64 32 4 32 2 32 32 8 16 4 8 32 16 2 16 128 4 8 4 8 2 64 4 16 8 4 16 8 16 2 4 32 2 8 4 4 4 2 0 0 0 0 0 0 0 0 0 0 0 0 0 0 0 0
8 8 4 64 2 8 32 4 32 4 64 4 64 8 4 64 32 4 4 32 4 2 32 4 2 32 4 16 32 2 64 4 64 2 64 2 8 4 16 8 64 4 16 4 16 4 2 4 64 16 4 16 8 2 0 0 0 0 0 0 0 0
64 32 2 64 8 64 4 32 32 4 8 32 16 2 4 32 16 8 4 8 2 16 32 64 32 64 4 64 8 2 32 4 128 32 16 2 16 32 2 32 128 16 32 8 16 4 64 16 64 16 64 64 8 2 16 0 0 0 0 0 0 0
64 16 4 2 4 64 4 2 16 64 2 4 128 2 4 2 8 16 64 4 2 16 4 64 64 16 8 16 4 2 16 64 8 32 128 64 16 16 4 32 4 16 64 16 8 2 32 8 16 128 64 0 0 0 0 0 0 0 0 0 0 0
2 32 16 4 16 8 32 2 8 2 64 16 4 32 8 64 2 64 64 32 4 8 4 32 16 128 8 4 64 4 4 32 64 16 32 16 32 128 32 16 8 32 128 16 64 4 8 2 64 8 64 2 0 0 0 0 0 0 0 0 0 0
16 4 8 16 64 2 8 32 64 2 128 4 32 2 64 16 32 8 4 32 8 64 8 2 16 2 64 32 8 4 8 16 2 32 64 2 8 128 16 2 64 16 2 16 2 4 32 4 16 32 128 2 32 16 32 4 8 0 0 0 0 0
16 2 16 64 64 64 64 8 32 4 2 16 8 2 32 16 64 8 2 64 4 8 16 8 16 64 16 8 2 64 32 8 64 32 16 64 16 2 32 64 2 64 16 32 8 32 4 2 16 64 32 2 32 4 64 8 64 0 0 0 0 0
4 64 4 32 8 32 16 4 8 64 8 4 32 4 16 64 16 8 64 16 64 8 4 2 8 16 32 16 64 64 32 4 8 4 2 8 64 2 8 4 2 64 8 8 8 64 2 8 32 16 4 16 2 0 0 0 0 0 0 0 0 0
32 4 2 32 4 16 8 16 2 16 8 64 8 2 8 8 8 4 64 32 2 64 4 2 32 4 8 64 16 4 32 64 4 32 16 32 2 32 16 4 32 16 64 8 4 2 16 128 16 32 16 2 32 0 0 0 0 0 0 0 0 0
2 32 8 16 8 32 4 8 4 2 16 64 16 16 64 2 8 2 32 4 2 64 16 8 4 32 32 2 32 64 2 32 64 64 32 32 2 8 32 8 16 32 128 64 32 8 8 2 16 8 32 8 64 4 32 0 0 0 0 0 0 0
64 4 16 32 8 128 16 8 16 8 64 16 4 32 16 4 4 8 32 16 2 64 16 2 16 32 8 4 64 32 8 16 64 2 32 8 64 8 64 4 8 32 8 64 32 2 16 2 8 64 2 16 2 0 0 0 0 0 0 0 0 0
64 4 8 4 64 8 2 4 8 4 16 16 4 16 128 128 16 64 32 64 16 4 32 2 16 64 16 16 4 2 8 32 8 4 64 32 64 16 128 128 4 16 32 16 64 64 64 2 0 0 0 0 0 0 0 0 0 0 0 0 0 0
32 8 2 64 4 32 16 8 64 16 4 32 8 16 32 128 8 8 2 8 32 32 8 64 16 8 64 64 2 128 32 4 2 8 16 8 32 16 64 32 64 2 32 2 8 16 8 2 0 0 0 0 0 0 0 0 0 0 0 0 0 0
4 32 32 32 64 2 32 4 16 4 8 32 16 2 32 128 4 8 64 16 32 8 2 16 8 4 8 4 8 2 8 64 4 16 16 16 2 4 16 2 64 16 32 8 4 16 4 128 4 2 16 2 8 4 8 0 0 0 0 0 0 0
32 64 4 16 64 16 4 2 8 4 2 8 32 16 4 32 8 4 128 32 4 8 8 4 64 16 8 2 64 8 16 2 4 16 2 16 8 32 64 16 2 64 16 4 2 16 128 8 4 8 2 16 32 0 0 0 0 0 0 0 0 0
16 8 16 4 8 16 32 2 4 2 64 32 16 16 32 32 8 2 16 8 4 32 16 4 32 8 4 16 2 4 32 64 4 8 2 32 4 64 16 64 32 8 2 64 2 8 128 2 8 4 32 16 4 2 8 32 8 64 0 0 0 0
32 64 2 8 64 8 4 16 64 32 64 32 4 2 16 2 4 32 8 8 64 4 32 64 32 16 64 32 8 64 4 2 4 2 32 16 32 2 64 4 64 8 4 128 32 2 64 16 8 32 32 2 8 2 0 0 0 0 0 0 0 0
64 4 16 32 8 32 4 16 32 16 64 16 4 64 4 16 64 2 64 8 32 64 4 4 64 32 2 4 2 64 2 16 4 2 64 32 16 2 32 8 32 8 4 2 4 2 8 2 128 32 8 2 64 32 16 0 0 0 0 0 0 0
8 4 16 32 16 4 64 4 16 16 2 64 32 2 16 4 32 4 4 4 32 16 2 8 4 8 64 8 16 64 8 2 32 64 8 32 8 4 32 2 4 8 32 16 2 32 2 64 8 8 2 64 0 0 0 0 0 0 0 0 0 0
32 32 16 32 8 4 16 8 64 4 8 2 8 4 8 8 2 16 64 8 64 64 64 4 16 32 8 64 16 8 2 64 4 8 64 16 128 8 2 32 16 32 2 16 32 64 32 64 4 8 64 8 16 0 0 0 0 0 0 0 0 0
32 16 4 2 4 64 4 16 32 8 8 4 16 2 8 2 64 8 16 8 16 64 8 64 64 2 8 64 16 2 64 32 4 8 16 64 8 16 64 2 32 32 16 64 8 4 2 16 64 4 32 64 4 32 0 0 0 0 0 0 0 0
32 32 4 2 4 2 32 2 64 32 2 16 2 32 2 8 128 2 8 64 32 4 8 4 64 2 4 8 32 8 16 8 64 4 2 128 4 4 32 4 32 8 2 4 16 8 16 4 2 128 64 8 4 0 0 0 0 0 0 0 0 0
64 32 16 2 64 4 128 16 2 4 64 16 32 32 2 32 4 8 32 64 8 64 16 4 32 8 32 32 2 4 2 4 2 32 2 32 2 64 4 64 8 8 16 8 16 4 32 16 32 2 32 8 64 16 2 0 0 0 0 0 0 0
32 64 8 8 4 8 32 2 16 4 8 4 2 4 32 4 32 8 16 16 64 32 4 8 64 2 32 8 8 16 32 8 16 8 4 8 4 64 16 4 2 8 64 8 32 64 2 16 64 16 16 64 32 0 0 0 0 0 0 0 0 0
64 2 32 8 16 16 16 32 8 4 64 64 8 64 2 4 32 32 64 16 64 16 64 4 2 4 32 64 64 64 16 2 64 16 128 4 2 64 32 64 16 4 8 64 2 16 16 16 8 4 32 8 32 2 64 0 0 0 0 0 0 0
32 16 2 32 8 8 8 64 16 2 4 8 32 16 8 4 32 64 8 32 8 8 16 32 64 2 64 32 4 128 64 8 32 8 2 32 16 4 2 4 8 2 8 4 32 16 2 8 4 32 2 16 32 64 0 0 0 0 0 0 0 0
2 4 2 8 4 8 32 8 64 2 32 64 4 2 8 64 2 4 2 4 16 128 64 4 16 64 8 32 64 8 32 64 4 2 8 4 64 32 16 64 4 2 16 32 4 8 32 8 8 32 32 16 2 64 32 0 0 0 0 0 0 0
32 64 32 2 32 32 16 2 8 4 16 4 32 64 2 16 4 8 4 64 4 64 16 8 16 4 32 2 128 8 16 2 64 8 2 64 4 64 2 32 8 4 16 128 64 8 16 8 4 8 4 8 2 16 2 64 0 0 0 0 0 0
64 4 32 2 8 2 64 8 16 2 16 2 16 32 128 4 8 4 2 128 64 8 64 2 128 8 2 16 4 32 4 2 16 2 4 8 32 2 32 64 32 2 16 4 4 8 16 64 32 8 32 4 8 0 0 0 0 0 0 0 0 0
2 64 16 32 4 64 16 2 32 2 16 32 64 8 4 8 2 64 16 64 32 4 64 2 16 8 64 2 4 64 16 32 8 32 2 16 8 2 4 16 8 64 8 32 32 64 8 64 32 64 32 2 8 8 8 16 32 0 0 0 0 0
16 32 2 64 4 8 2 8 2 32 8 32 128 2 8 16 2 32 32 2 4 2 64 2 32 2 32 8 4 32 64 4 16 2 8 32 4 64 32 4 64 32 64 8 4 32 16 4 16 8 16 32 64 32 16 64 8 32 0 0 0 0
64 32 4 32 8 64 2 64 4 32 4 8 8 8 4 16 8 8 16 8 4 32 16 2 32 8 8 8 64 2 64 32 4 8 16 8 64 32 2 8 32 16 64 2 16 64 16 4 64 2 4 64 0 0 0 0 0 0 0 0 0 0
2 64 16 8 4 16 8 16 8 32 8 4 16 64 4 32 4 16 2 16 64 4 16 8 64 16 2 8 2 16 8 64 8 64 8 64 32 8 4 2 64 2 64 4 8 2 32 16 8 32 16 32 0 0 0 0 0 0 0 0 0 0
32 16 128 32 8 4 16 64 16 64 2 8 32 2 16 4 16 4 32 16 32 4 32 8 64 32 64 32 16 128 64 4 16 8 32 64 2 16 2 64 2 8 16 4 128 2 8 32 8 16 4 32 2 16 0 0 0 0 0 0 0 0
8 32 2 64 16 64 8 4 32 16 8 32 2 16 4 8 4 8 64 32 16 128 2 32 64 4 32 32 2 32 8 8 2 64 32 8 16 32 4 16 8 2 16 8 128 8 128 8 16 8 4 0 0 0 0 0 0 0 0 0 0 0
2 16 2 16 64 16 64 8 32 2 8 32 64 32 16 8 2 64 2 8 64 32 64 8 64 2 16 64 16 4 32 16 4 16 64 16 32 64 4 4 8 2 8 64 32 64 16 128 64 8 4 8 0 0 0 0 0 0 0 0 0 0
2 64 16 64 16 64 2 64 4 64 4 2 64 8 4 16 8 16 32 4 2 16 16 64 64 2 32 16 32 8 32 2 64 16 64 32 4 8 32 4 8 64 8 4 64 8 64 64 16 64 32 16 4 64 0 0 0 0 0 0 0 0
8 4 32 64 32 4 64 64 64 32 2 64 4 32 8 16 64 32 64 8 2 64 4 32 64 16 2 32 64 16 2 32 4 8 2 4 16 2 64 32 64 8 2 16 64 32 64 2 16 32 8 4 8 64 32 0 0 0 0 0 0 0
2 16 32 8 8 4 32 8 4 64 32 2 64 32 8 16 2 8 2 32 16 2 64 2 4 2 16 2 64 64 2 64 64 2 4 16 4 64 16 64 4 2 8 16 8 64 2 4 8 32 8 64 4 0 0 0 0 0 0 0 0 0
16 2 64 8 8 4 8 4 2 64 2 32 64 8 64 8 32 8 32 32 2 64 4 64 32 64 8 32 16 4 32 16 64 32 2 4 2 16 4 2 8 4 4 4 16 8 32 4 16 64 2 8 32 2 0 0 0 0 0 0 0 0
64 4 32 8 8 64 16 32 4 64 4 8 2 16 32 4 2 32 32 8 32 2 4 16 32 4 16 32 8 128 32 16 8 4 32 16 8 16 4 16 64 4 2 4 64 16 128 2 16 8 2 8 4 2 64 0 0 0 0 0 0 0
4 8 4 128 32 16 4 8 64 2 32 2 4 8 16 4 32 8 4 8 64 2 32 2 32 4 16 4 64 4 4 32 4 32 16 4 16 32 128 32 2 8 2 8 2 16 4 2 4 32 4 16 4 32 8 0 0 0 0 0 0 0
16 4 64 8 16 8 4 8 32 2 32 8 64 32 2 8 32 2 4 2 8 2 32 16 64 4 2 16 8 64 64 16 64 2 32 16 32 2 32 64 4 32 16 32 4 8 32 2 4 16 64 4 8 16 4 64 4 16 0 0 0 0
8 2 4 8 32 64 32 16 4 16 2 16 32 16 32 16 8 32 2 16 2 8 64 8 32 2 8 2 4 64 16 2 4 64 32 8 2 8 16 64 4 16 16 2 64 32 4 64 32 4 16 2 8 0 0 0 0 0 0 0 0 0
16 2 16 2 32 2 16 32 64 4 64 2 16 2 64 32 4 32 4 16 64 32 32 16 4 2 16 4 64 32 16 2 32 32 64 4 2 16 64 8 32 64 32 16 8 4 64 8 4 32 16 32 64 32 0 0 0 0 0 0 0 0
128 4 2 4 64 4 2 4 16 2 16 4 8 32 64 4 64 2 16 32 4 8 64 2 64 4 16 8 4 16 64 8 64 16 64 2 16 8 2 32 16 8 2 8 16 64 8 64 16 8 2 128 32 16 8 2 32 0 0 0 0 0
8 16 32 8 64 2 16 64 32 4 8 4 16 4 16 8 8 32 8 4 16 4 16 4 16 2 16 128 4 128 2 4 16 8 2 64 32 4 4 8 64 32 2 4 8 64 4 32 64 16 32 2 8 32 0 0 0 0 0 0 0 0
16 64 32 4 2 32 16 4 8 8 32 8 16 32 2 16 4 8 2 16 2 4 2 64 16 32 64 8 16 2 4 2 8 4 16 2 64 4 64 32 16 64 2 4 32 2 4 8 4 4 64 16 2 64 4 32 2 8 0 0 0 0
2 16 8 16 8 64 2 32 4 64 4 8 8 32 16 8 2 16 64 32 16 8 32 2 32 4 16 2 8 8 4 2 64 8 64 8 4 64 4 2 32 16 8 16 4 8 32 4 8 32 64 16 8 0 0 0 0 0 0 0 0 0
64 16 32 4 128 4 8 2 64 4 16 2 64 32 64 16 32 32 64 8 16 128 8 4 32 4 32 64 2 32 4 64 2 64 2 32 64 32 64 64 8 64 16 64 8 64 16 4 64 16 2 32 0 0 0 0 0 0 0 0 0 0
